<?xml version="1.0" encoding="UTF-8"?>
<!-- Generated by org.testng.reporters.JUnitReportReporter -->
<testsuite hostname="Arpits-MacBook-Pro.local" failures="0" tests="1" name="com.qa.test.Launch" time="14.914" errors="0" timestamp="13 Jan 2022 18:32:57 GMT" skipped="0">
  <testcase classname="com.qa.test.Launch" name="LaunchBrowser" time="14.914"/>
</testsuite> <!-- com.qa.test.Launch -->
