<?xml version="1.0" encoding="UTF-8"?>
<!-- Generated by org.testng.reporters.JUnitReportReporter -->
<testsuite hostname="NEW375-G6" failures="0" tests="4" name="com.demo.DemoTest" time="0.024" errors="0" timestamp="21 Sep 2021 17:19:05 GMT" skipped="0">
  <testcase classname="com.demo.DemoTest" name="div" time="0.019"/>
  <testcase classname="com.demo.DemoTest" name="sum" time="0.001"/>
  <testcase classname="com.demo.DemoTest" name="sub" time="0.002"/>
  <testcase classname="com.demo.DemoTest" name="mul" time="0.002"/>
</testsuite> <!-- com.demo.DemoTest -->
