<?xml version="1.0" encoding="UTF-8"?>
<!-- Generated by org.testng.reporters.JUnitReportReporter -->
<testsuite hostname="NEW375-G6" failures="0" tests="4" name="DemoTest" time="0.021" errors="0" timestamp="21 Sep 2021 17:17:22 GMT" skipped="0">
  <testcase classname="DemoTest" name="sum" time="0.001"/>
  <testcase classname="DemoTest" name="div" time="0.018"/>
  <testcase classname="DemoTest" name="sub" time="0.001"/>
  <testcase classname="DemoTest" name="mul" time="0.001"/>
</testsuite> <!-- DemoTest -->
