<?xml version="1.0" encoding="UTF-8"?>
<!-- Generated by org.testng.reporters.JUnitReportReporter -->
<testsuite hostname="Arpits-MacBook-Pro.local" failures="0" tests="1" name="com.qa.test.Launch" time="37.912" errors="0" timestamp="17 Jan 2022 17:52:24 GMT" skipped="0">
  <testcase classname="com.qa.test.Launch" name="Usecase2" time="37.912"/>
</testsuite> <!-- com.qa.test.Launch -->
